0 info it worked if it ends with ok
1 verbose cli [ '/usr/bin/node',
1 verbose cli   '/usr/bin/npm',
1 verbose cli   'remove',
1 verbose cli   '--save-dev',
1 verbose cli   'casperjs' ]
2 info using npm@1.4.28
3 info using node@v0.10.32
4 verbose node symlink /usr/bin/node
5 verbose node_modules/casperjs unbuild
6 info preuninstall casperjs@1.1.0-beta3
7 info uninstall casperjs@1.1.0-beta3
8 verbose true,/home/damxam/workspaces/angular/templateProject/node_modules,/home/damxam/workspaces/angular/templateProject/node_modules unbuild casperjs@1.1.0-beta3
9 verbose /home/damxam/workspaces/angular/templateProject/node_modules/.bin,[object Object] binRoot
10 error Error: EACCES, unlink '/home/damxam/workspaces/angular/templateProject/node_modules/.bin/casperjs'
10 error  { [Error: EACCES, unlink '/home/damxam/workspaces/angular/templateProject/node_modules/.bin/casperjs']
10 error   errno: 3,
10 error   code: 'EACCES',
10 error   path: '/home/damxam/workspaces/angular/templateProject/node_modules/.bin/casperjs' }
11 error Please try running this command again as root/Administrator.
12 error System Linux 3.13.0-36-generic
13 error command "/usr/bin/node" "/usr/bin/npm" "remove" "--save-dev" "casperjs"
14 error cwd /home/damxam/workspaces/angular/templateProject
15 error node -v v0.10.32
16 error npm -v 1.4.28
17 error path /home/damxam/workspaces/angular/templateProject/node_modules/.bin/casperjs
18 error code EACCES
19 error errno 3
20 error stack Error: EACCES, unlink '/home/damxam/workspaces/angular/templateProject/node_modules/.bin/casperjs'
21 verbose exit [ 3, true ]
